[07-May-2019 23:28:05 UTC] PHP Warning:  include(../../../db/db_connection.php): failed to open stream: No such file or directory in /home/ubuntu/workspace/CST336/practice/FinalPractice/p2.php on line 2
[07-May-2019 23:28:05 UTC] PHP Stack trace:
[07-May-2019 23:28:05 UTC] PHP   1. {main}() /home/ubuntu/workspace/CST336/practice/FinalPractice/p2.php:0
[07-May-2019 23:28:05 UTC] PHP Warning:  include(): Failed opening '../../../db/db_connection.php' for inclusion (include_path='.:/usr/share/php:/usr/share/pear') in /home/ubuntu/workspace/CST336/practice/FinalPractice/p2.php on line 2
[07-May-2019 23:28:05 UTC] PHP Stack trace:
[07-May-2019 23:28:05 UTC] PHP   1. {main}() /home/ubuntu/workspace/CST336/practice/FinalPractice/p2.php:0
[07-May-2019 23:28:05 UTC] PHP Fatal error:  Call to undefined function getDatabaseConnection() in /home/ubuntu/workspace/CST336/practice/FinalPractice/p2.php on line 4
[07-May-2019 23:28:05 UTC] PHP Stack trace:
[07-May-2019 23:28:05 UTC] PHP   1. {main}() /home/ubuntu/workspace/CST336/practice/FinalPractice/p2.php:0
[07-May-2019 23:28:19 UTC] PHP Fatal error:  Call to undefined function dsiplayLockedAccouht() in /home/ubuntu/workspace/CST336/practice/FinalPractice/p2.php on line 21
[07-May-2019 23:28:19 UTC] PHP Stack trace:
[07-May-2019 23:28:19 UTC] PHP   1. {main}() /home/ubuntu/workspace/CST336/practice/FinalPractice/p2.php:0
[07-May-2019 23:28:31 UTC] PHP Fatal error:  Call to undefined function dsiplayLockedAccout() in /home/ubuntu/workspace/CST336/practice/FinalPractice/p2.php on line 21
[07-May-2019 23:28:31 UTC] PHP Stack trace:
[07-May-2019 23:28:31 UTC] PHP   1. {main}() /home/ubuntu/workspace/CST336/practice/FinalPractice/p2.php:0
[07-May-2019 23:28:33 UTC] PHP Fatal error:  Call to undefined function dsiplayLockedAccout() in /home/ubuntu/workspace/CST336/practice/FinalPractice/p2.php on line 21
[07-May-2019 23:28:33 UTC] PHP Stack trace:
[07-May-2019 23:28:33 UTC] PHP   1. {main}() /home/ubuntu/workspace/CST336/practice/FinalPractice/p2.php:0
[07-May-2019 23:28:52 UTC] PHP Fatal error:  Call to undefined function displayLockedAccout() in /home/ubuntu/workspace/CST336/practice/FinalPractice/p2.php on line 22
[07-May-2019 23:28:52 UTC] PHP Stack trace:
[07-May-2019 23:28:52 UTC] PHP   1. {main}() /home/ubuntu/workspace/CST336/practice/FinalPractice/p2.php:0
[07-May-2019 23:29:21 UTC] PHP Fatal error:  Call to undefined function displayLockedAccout() in /home/ubuntu/workspace/CST336/practice/FinalPractice/p2.php on line 22
[07-May-2019 23:29:21 UTC] PHP Stack trace:
[07-May-2019 23:29:21 UTC] PHP   1. {main}() /home/ubuntu/workspace/CST336/practice/FinalPractice/p2.php:0
[07-May-2019 23:30:13 UTC] PHP Fatal error:  Call to undefined function displayLockedAccout() in /home/ubuntu/workspace/CST336/practice/FinalPractice/p2.php on line 22
[07-May-2019 23:30:13 UTC] PHP Stack trace:
[07-May-2019 23:30:13 UTC] PHP   1. {main}() /home/ubuntu/workspace/CST336/practice/FinalPractice/p2.php:0
[07-May-2019 23:37:15 UTC] PHP Parse error:  syntax error, unexpected '$stmt' (T_VARIABLE) in /home/ubuntu/workspace/CST336/practice/FinalPractice/p2.php on line 10
[07-May-2019 23:38:19 UTC] PHP Parse error:  syntax error, unexpected '$stmt' (T_VARIABLE) in /home/ubuntu/workspace/CST336/practice/FinalPractice/p2.php on line 10
[07-May-2019 23:38:42 UTC] PHP Parse error:  syntax error, unexpected '$stmt' (T_VARIABLE) in /home/ubuntu/workspace/CST336/practice/FinalPractice/p2.php on line 10
[07-May-2019 23:38:51 UTC] PHP Fatal error:  Call to undefined function displayLockedAccout() in /home/ubuntu/workspace/CST336/practice/FinalPractice/p2.php on line 31
[07-May-2019 23:38:51 UTC] PHP Stack trace:
[07-May-2019 23:38:51 UTC] PHP   1. {main}() /home/ubuntu/workspace/CST336/practice/FinalPractice/p2.php:0
[07-May-2019 23:39:41 UTC] PHP Fatal error:  Call to undefined function displayLockedAccout() in /home/ubuntu/workspace/CST336/practice/FinalPractice/p2.php on line 33
[07-May-2019 23:39:41 UTC] PHP Stack trace:
[07-May-2019 23:39:41 UTC] PHP   1. {main}() /home/ubuntu/workspace/CST336/practice/FinalPractice/p2.php:0
[07-May-2019 23:41:45 UTC] PHP Fatal error:  Call to undefined function displayLockedAccout() in /home/ubuntu/workspace/CST336/practice/FinalPractice/p2.php on line 37
[07-May-2019 23:41:45 UTC] PHP Stack trace:
[07-May-2019 23:41:45 UTC] PHP   1. {main}() /home/ubuntu/workspace/CST336/practice/FinalPractice/p2.php:0
[07-May-2019 23:43:13 UTC] PHP Fatal error:  Call to undefined function displayLockedAccout() in /home/ubuntu/workspace/CST336/practice/FinalPractice/p2.php on line 37
[07-May-2019 23:43:13 UTC] PHP Stack trace:
[07-May-2019 23:43:13 UTC] PHP   1. {main}() /home/ubuntu/workspace/CST336/practice/FinalPractice/p2.php:0
