[23-Apr-2019 18:37:03 UTC] PHP Fatal error:  Uncaught exception 'PDOException' with message 'SQLSTATE[42000]: Syntax error or access violation: 1064 You have an error in your SQL syntax; check the manual that corresponds to your MySQL server version for the right syntax to use near ''Name' = , 'ID'=  WHERE ID =' at line 1' in /home/ubuntu/workspace/CST336/hw/hw4/api/UpdatePoke.php:11
Stack trace:
#0 /home/ubuntu/workspace/CST336/hw/hw4/api/UpdatePoke.php(11): PDOStatement->execute()
#1 {main}
  thrown in /home/ubuntu/workspace/CST336/hw/hw4/api/UpdatePoke.php on line 11
[23-Apr-2019 18:37:27 UTC] PHP Fatal error:  Uncaught exception 'PDOException' with message 'SQLSTATE[42000]: Syntax error or access violation: 1064 You have an error in your SQL syntax; check the manual that corresponds to your MySQL server version for the right syntax to use near ''Name' = , 'ID'=  WHERE ID =' at line 1' in /home/ubuntu/workspace/CST336/hw/hw4/api/UpdatePoke.php:11
Stack trace:
#0 /home/ubuntu/workspace/CST336/hw/hw4/api/UpdatePoke.php(11): PDOStatement->execute()
#1 {main}
  thrown in /home/ubuntu/workspace/CST336/hw/hw4/api/UpdatePoke.php on line 11
[23-Apr-2019 18:37:35 UTC] PHP Fatal error:  Uncaught exception 'PDOException' with message 'SQLSTATE[42000]: Syntax error or access violation: 1064 You have an error in your SQL syntax; check the manual that corresponds to your MySQL server version for the right syntax to use near ''Name' = , 'ID'=  WHERE ID =' at line 1' in /home/ubuntu/workspace/CST336/hw/hw4/api/UpdatePoke.php:11
Stack trace:
#0 /home/ubuntu/workspace/CST336/hw/hw4/api/UpdatePoke.php(11): PDOStatement->execute()
#1 {main}
  thrown in /home/ubuntu/workspace/CST336/hw/hw4/api/UpdatePoke.php on line 11
[23-Apr-2019 18:38:25 UTC] PHP Fatal error:  Uncaught exception 'PDOException' with message 'SQLSTATE[42000]: Syntax error or access violation: 1064 You have an error in your SQL syntax; check the manual that corresponds to your MySQL server version for the right syntax to use near ''Name' = , 'ID'=  WHERE ID =' at line 1' in /home/ubuntu/workspace/CST336/hw/hw4/api/UpdatePoke.php:11
Stack trace:
#0 /home/ubuntu/workspace/CST336/hw/hw4/api/UpdatePoke.php(11): PDOStatement->execute()
#1 {main}
  thrown in /home/ubuntu/workspace/CST336/hw/hw4/api/UpdatePoke.php on line 11
[23-Apr-2019 18:38:34 UTC] PHP Fatal error:  Uncaught exception 'PDOException' with message 'SQLSTATE[42000]: Syntax error or access violation: 1064 You have an error in your SQL syntax; check the manual that corresponds to your MySQL server version for the right syntax to use near '' at line 1' in /home/ubuntu/workspace/CST336/hw/hw4/api/UpdatePoke.php:11
Stack trace:
#0 /home/ubuntu/workspace/CST336/hw/hw4/api/UpdatePoke.php(11): PDOStatement->execute()
#1 {main}
  thrown in /home/ubuntu/workspace/CST336/hw/hw4/api/UpdatePoke.php on line 11
[23-Apr-2019 18:39:28 UTC] PHP Fatal error:  Uncaught exception 'PDOException' with message 'SQLSTATE[42000]: Syntax error or access violation: 1064 You have an error in your SQL syntax; check the manual that corresponds to your MySQL server version for the right syntax to use near '' at line 1' in /home/ubuntu/workspace/CST336/hw/hw4/api/UpdatePoke.php:11
Stack trace:
#0 /home/ubuntu/workspace/CST336/hw/hw4/api/UpdatePoke.php(11): PDOStatement->execute()
#1 {main}
  thrown in /home/ubuntu/workspace/CST336/hw/hw4/api/UpdatePoke.php on line 11
[23-Apr-2019 18:42:01 UTC] PHP Fatal error:  Uncaught exception 'PDOException' with message 'SQLSTATE[42000]: Syntax error or access violation: 1064 You have an error in your SQL syntax; check the manual that corresponds to your MySQL server version for the right syntax to use near '' at line 1' in /home/ubuntu/workspace/CST336/hw/hw4/api/UpdatePoke.php:16
Stack trace:
#0 /home/ubuntu/workspace/CST336/hw/hw4/api/UpdatePoke.php(16): PDOStatement->execute(Array)
#1 {main}
  thrown in /home/ubuntu/workspace/CST336/hw/hw4/api/UpdatePoke.php on line 16
[23-Apr-2019 18:42:02 UTC] PHP Fatal error:  Uncaught exception 'PDOException' with message 'SQLSTATE[42000]: Syntax error or access violation: 1064 You have an error in your SQL syntax; check the manual that corresponds to your MySQL server version for the right syntax to use near '' at line 1' in /home/ubuntu/workspace/CST336/hw/hw4/api/UpdatePoke.php:16
Stack trace:
#0 /home/ubuntu/workspace/CST336/hw/hw4/api/UpdatePoke.php(16): PDOStatement->execute(Array)
#1 {main}
  thrown in /home/ubuntu/workspace/CST336/hw/hw4/api/UpdatePoke.php on line 16
[23-Apr-2019 18:43:21 UTC] PHP Fatal error:  Uncaught exception 'PDOException' with message 'SQLSTATE[42000]: Syntax error or access violation: 1064 You have an error in your SQL syntax; check the manual that corresponds to your MySQL server version for the right syntax to use near '' at line 1' in /home/ubuntu/workspace/CST336/hw/hw4/api/UpdatePoke.php:16
Stack trace:
#0 /home/ubuntu/workspace/CST336/hw/hw4/api/UpdatePoke.php(16): PDOStatement->execute(Array)
#1 {main}
  thrown in /home/ubuntu/workspace/CST336/hw/hw4/api/UpdatePoke.php on line 16
[23-Apr-2019 18:44:30 UTC] PHP Fatal error:  Uncaught exception 'PDOException' with message 'SQLSTATE[42000]: Syntax error or access violation: 1064 You have an error in your SQL syntax; check the manual that corresponds to your MySQL server version for the right syntax to use near '' at line 1' in /home/ubuntu/workspace/CST336/hw/hw4/api/UpdatePoke.php:16
Stack trace:
#0 /home/ubuntu/workspace/CST336/hw/hw4/api/UpdatePoke.php(16): PDOStatement->execute(Array)
#1 {main}
  thrown in /home/ubuntu/workspace/CST336/hw/hw4/api/UpdatePoke.php on line 16
[23-Apr-2019 18:51:41 UTC] PHP Fatal error:  Uncaught exception 'PDOException' with message 'SQLSTATE[HY093]: Invalid parameter number: no parameters were bound' in /home/ubuntu/workspace/CST336/hw/hw4/api/UpdatePoke.php:11
Stack trace:
#0 /home/ubuntu/workspace/CST336/hw/hw4/api/UpdatePoke.php(11): PDOStatement->execute()
#1 {main}
  thrown in /home/ubuntu/workspace/CST336/hw/hw4/api/UpdatePoke.php on line 11
[23-Apr-2019 18:54:40 UTC] PHP Fatal error:  Uncaught exception 'PDOException' with message 'SQLSTATE[42000]: Syntax error or access violation: 1064 You have an error in your SQL syntax; check the manual that corresponds to your MySQL server version for the right syntax to use near ''Name'= [charizard],'ID'=[6], 'Look' = [(Look+1)] WHERE ID =6' at line 1' in /home/ubuntu/workspace/CST336/hw/hw4/api/UpdatePoke.php:11
Stack trace:
#0 /home/ubuntu/workspace/CST336/hw/hw4/api/UpdatePoke.php(11): PDOStatement->execute()
#1 {main}
  thrown in /home/ubuntu/workspace/CST336/hw/hw4/api/UpdatePoke.php on line 11
[23-Apr-2019 18:58:36 UTC] PHP Fatal error:  Uncaught exception 'PDOException' with message 'SQLSTATE[42000]: Syntax error or access violation: 1064 You have an error in your SQL syntax; check the manual that corresponds to your MySQL server version for the right syntax to use near '[charizard],[6])' at line 1' in /home/ubuntu/workspace/CST336/hw/hw4/api/UpdatePoke.php:11
Stack trace:
#0 /home/ubuntu/workspace/CST336/hw/hw4/api/UpdatePoke.php(11): PDOStatement->execute()
#1 {main}
  thrown in /home/ubuntu/workspace/CST336/hw/hw4/api/UpdatePoke.php on line 11
[23-Apr-2019 18:59:42 UTC] PHP Fatal error:  Call to a member function execute() on a non-object in /home/ubuntu/workspace/CST336/hw/hw4/api/UpdatePoke.php on line 11
[23-Apr-2019 18:59:42 UTC] PHP Stack trace:
[23-Apr-2019 18:59:42 UTC] PHP   1. {main}() /home/ubuntu/workspace/CST336/hw/hw4/api/UpdatePoke.php:0
[23-Apr-2019 19:00:10 UTC] PHP Fatal error:  Uncaught exception 'PDOException' with message 'SQLSTATE[42000]: Syntax error or access violation: 1064 You have an error in your SQL syntax; check the manual that corresponds to your MySQL server version for the right syntax to use near '[Look + 1] WHERE ID = 10' at line 1' in /home/ubuntu/workspace/CST336/hw/hw4/api/UpdatePoke.php:16
Stack trace:
#0 /home/ubuntu/workspace/CST336/hw/hw4/api/UpdatePoke.php(16): PDOStatement->execute(Array)
#1 {main}
  thrown in /home/ubuntu/workspace/CST336/hw/hw4/api/UpdatePoke.php on line 16
[23-Apr-2019 19:00:45 UTC] PHP Fatal error:  Uncaught exception 'PDOException' with message 'SQLSTATE[42000]: Syntax error or access violation: 1064 You have an error in your SQL syntax; check the manual that corresponds to your MySQL server version for the right syntax to use near '[Look + 1] WHERE ID = 11' at line 1' in /home/ubuntu/workspace/CST336/hw/hw4/api/UpdatePoke.php:16
Stack trace:
#0 /home/ubuntu/workspace/CST336/hw/hw4/api/UpdatePoke.php(16): PDOStatement->execute(Array)
#1 {main}
  thrown in /home/ubuntu/workspace/CST336/hw/hw4/api/UpdatePoke.php on line 16
[23-Apr-2019 19:01:01 UTC] PHP Fatal error:  Uncaught exception 'PDOException' with message 'SQLSTATE[42000]: Syntax error or access violation: 1064 You have an error in your SQL syntax; check the manual that corresponds to your MySQL server version for the right syntax to use near '[Look + 1] WHERE ID = 12' at line 1' in /home/ubuntu/workspace/CST336/hw/hw4/api/UpdatePoke.php:16
Stack trace:
#0 /home/ubuntu/workspace/CST336/hw/hw4/api/UpdatePoke.php(16): PDOStatement->execute(Array)
#1 {main}
  thrown in /home/ubuntu/workspace/CST336/hw/hw4/api/UpdatePoke.php on line 16
[23-Apr-2019 19:01:45 UTC] PHP Fatal error:  Uncaught exception 'PDOException' with message 'SQLSTATE[42000]: Syntax error or access violation: 1064 You have an error in your SQL syntax; check the manual that corresponds to your MySQL server version for the right syntax to use near '[kakuna],[14])' at line 1' in /home/ubuntu/workspace/CST336/hw/hw4/api/UpdatePoke.php:11
Stack trace:
#0 /home/ubuntu/workspace/CST336/hw/hw4/api/UpdatePoke.php(11): PDOStatement->execute()
#1 {main}
  thrown in /home/ubuntu/workspace/CST336/hw/hw4/api/UpdatePoke.php on line 11
[23-Apr-2019 19:02:47 UTC] PHP Fatal error:  Uncaught exception 'PDOException' with message 'SQLSTATE[42000]: Syntax error or access violation: 1064 You have an error in your SQL syntax; check the manual that corresponds to your MySQL server version for the right syntax to use near '[Look + 1] WHERE ID = 14' at line 1' in /home/ubuntu/workspace/CST336/hw/hw4/api/UpdatePoke.php:14
Stack trace:
#0 /home/ubuntu/workspace/CST336/hw/hw4/api/UpdatePoke.php(14): PDOStatement->execute()
#1 {main}
  thrown in /home/ubuntu/workspace/CST336/hw/hw4/api/UpdatePoke.php on line 14
[23-Apr-2019 19:05:08 UTC] PHP Fatal error:  Uncaught exception 'PDOException' with message 'SQLSTATE[HY093]: Invalid parameter number: no parameters were bound' in /home/ubuntu/workspace/CST336/hw/hw4/api/UpdatePoke.php:11
Stack trace:
#0 /home/ubuntu/workspace/CST336/hw/hw4/api/UpdatePoke.php(11): PDOStatement->execute()
#1 {main}
  thrown in /home/ubuntu/workspace/CST336/hw/hw4/api/UpdatePoke.php on line 11
[23-Apr-2019 19:05:44 UTC] PHP Fatal error:  Uncaught exception 'PDOException' with message 'SQLSTATE[42S22]: Column not found: 1054 Unknown column 'rattata' in 'field list'' in /home/ubuntu/workspace/CST336/hw/hw4/api/UpdatePoke.php:11
Stack trace:
#0 /home/ubuntu/workspace/CST336/hw/hw4/api/UpdatePoke.php(11): PDOStatement->execute()
#1 {main}
  thrown in /home/ubuntu/workspace/CST336/hw/hw4/api/UpdatePoke.php on line 11
[23-Apr-2019 20:34:41 UTC] PHP Fatal error:  Uncaught exception 'PDOException' with message 'SQLSTATE[42S22]: Column not found: 1054 Unknown column 'sandslash' in 'field list'' in /home/ubuntu/workspace/CST336/hw/hw4/api/UpdatePoke.php:11
Stack trace:
#0 /home/ubuntu/workspace/CST336/hw/hw4/api/UpdatePoke.php(11): PDOStatement->execute()
#1 {main}
  thrown in /home/ubuntu/workspace/CST336/hw/hw4/api/UpdatePoke.php on line 11
[23-Apr-2019 20:34:43 UTC] PHP Fatal error:  Uncaught exception 'PDOException' with message 'SQLSTATE[42S22]: Column not found: 1054 Unknown column 'sandslash' in 'field list'' in /home/ubuntu/workspace/CST336/hw/hw4/api/UpdatePoke.php:11
Stack trace:
#0 /home/ubuntu/workspace/CST336/hw/hw4/api/UpdatePoke.php(11): PDOStatement->execute()
#1 {main}
  thrown in /home/ubuntu/workspace/CST336/hw/hw4/api/UpdatePoke.php on line 11
[23-Apr-2019 20:36:39 UTC] PHP Fatal error:  Uncaught exception 'PDOException' with message 'SQLSTATE[42S22]: Column not found: 1054 Unknown column 'sandslash' in 'field list'' in /home/ubuntu/workspace/CST336/hw/hw4/api/UpdatePoke.php:11
Stack trace:
#0 /home/ubuntu/workspace/CST336/hw/hw4/api/UpdatePoke.php(11): PDOStatement->execute()
#1 {main}
  thrown in /home/ubuntu/workspace/CST336/hw/hw4/api/UpdatePoke.php on line 11
[23-Apr-2019 20:37:19 UTC] PHP Fatal error:  Uncaught exception 'PDOException' with message 'SQLSTATE[42S22]: Column not found: 1054 Unknown column 'sandslash' in 'field list'' in /home/ubuntu/workspace/CST336/hw/hw4/api/UpdatePoke.php:11
Stack trace:
#0 /home/ubuntu/workspace/CST336/hw/hw4/api/UpdatePoke.php(11): PDOStatement->execute()
#1 {main}
  thrown in /home/ubuntu/workspace/CST336/hw/hw4/api/UpdatePoke.php on line 11
[23-Apr-2019 20:37:30 UTC] PHP Fatal error:  Uncaught exception 'PDOException' with message 'SQLSTATE[42000]: Syntax error or access violation: 1064 You have an error in your SQL syntax; check the manual that corresponds to your MySQL server version for the right syntax to use near ')' at line 1' in /home/ubuntu/workspace/CST336/hw/hw4/api/UpdatePoke.php:11
Stack trace:
#0 /home/ubuntu/workspace/CST336/hw/hw4/api/UpdatePoke.php(11): PDOStatement->execute()
#1 {main}
  thrown in /home/ubuntu/workspace/CST336/hw/hw4/api/UpdatePoke.php on line 11
[23-Apr-2019 20:39:22 UTC] PHP Fatal error:  Uncaught exception 'PDOException' with message 'SQLSTATE[42S22]: Column not found: 1054 Unknown column 'venusaur' in 'field list'' in /home/ubuntu/workspace/CST336/hw/hw4/api/UpdatePoke.php:11
Stack trace:
#0 /home/ubuntu/workspace/CST336/hw/hw4/api/UpdatePoke.php(11): PDOStatement->execute()
#1 {main}
  thrown in /home/ubuntu/workspace/CST336/hw/hw4/api/UpdatePoke.php on line 11
[23-Apr-2019 20:43:29 UTC] PHP Fatal error:  Uncaught exception 'PDOException' with message 'SQLSTATE[42S22]: Column not found: 1054 Unknown column 'charmeleon' in 'field list'' in /home/ubuntu/workspace/CST336/hw/hw4/api/UpdatePoke.php:11
Stack trace:
#0 /home/ubuntu/workspace/CST336/hw/hw4/api/UpdatePoke.php(11): PDOStatement->execute()
#1 {main}
  thrown in /home/ubuntu/workspace/CST336/hw/hw4/api/UpdatePoke.php on line 11
[23-Apr-2019 20:51:00 UTC] PHP Fatal error:  Uncaught exception 'PDOException' with message 'SQLSTATE[42000]: Syntax error or access violation: 1064 You have an error in your SQL syntax; check the manual that corresponds to your MySQL server version for the right syntax to use near ''Look') VALUES (blastoise,9,'Look+1')' at line 1' in /home/ubuntu/workspace/CST336/hw/hw4/api/UpdatePoke.php:11
Stack trace:
#0 /home/ubuntu/workspace/CST336/hw/hw4/api/UpdatePoke.php(11): PDOStatement->execute()
#1 {main}
  thrown in /home/ubuntu/workspace/CST336/hw/hw4/api/UpdatePoke.php on line 11
[23-Apr-2019 20:52:55 UTC] PHP Fatal error:  Uncaught exception 'PDOException' with message 'SQLSTATE[42000]: Syntax error or access violation: 1064 You have an error in your SQL syntax; check the manual that corresponds to your MySQL server version for the right syntax to use near ''Look') VALUES (squirtle,7,'Look+1')' at line 1' in /home/ubuntu/workspace/CST336/hw/hw4/api/UpdatePoke.php:11
Stack trace:
#0 /home/ubuntu/workspace/CST336/hw/hw4/api/UpdatePoke.php(11): PDOStatement->execute()
#1 {main}
  thrown in /home/ubuntu/workspace/CST336/hw/hw4/api/UpdatePoke.php on line 11
[23-Apr-2019 20:53:11 UTC] PHP Fatal error:  Uncaught exception 'PDOException' with message 'SQLSTATE[42000]: Syntax error or access violation: 1064 You have an error in your SQL syntax; check the manual that corresponds to your MySQL server version for the right syntax to use near ''Look') VALUES (ivysaur,2,'1')' at line 1' in /home/ubuntu/workspace/CST336/hw/hw4/api/UpdatePoke.php:11
Stack trace:
#0 /home/ubuntu/workspace/CST336/hw/hw4/api/UpdatePoke.php(11): PDOStatement->execute()
#1 {main}
  thrown in /home/ubuntu/workspace/CST336/hw/hw4/api/UpdatePoke.php on line 11
[23-Apr-2019 20:55:09 UTC] PHP Fatal error:  Uncaught exception 'PDOException' with message 'SQLSTATE[42000]: Syntax error or access violation: 1064 You have an error in your SQL syntax; check the manual that corresponds to your MySQL server version for the right syntax to use near ''Look') VALUES (ivysaur,2,1)' at line 1' in /home/ubuntu/workspace/CST336/hw/hw4/api/UpdatePoke.php:11
Stack trace:
#0 /home/ubuntu/workspace/CST336/hw/hw4/api/UpdatePoke.php(11): PDOStatement->execute()
#1 {main}
  thrown in /home/ubuntu/workspace/CST336/hw/hw4/api/UpdatePoke.php on line 11
[23-Apr-2019 21:00:02 UTC] PHP Fatal error:  Uncaught exception 'PDOException' with message 'SQLSTATE[42000]: Syntax error or access violation: 1064 You have an error in your SQL syntax; check the manual that corresponds to your MySQL server version for the right syntax to use near ''Search' (`Name`, `ID`, 'Look') VALUES ('charmander','4','1')' at line 1' in /home/ubuntu/workspace/CST336/hw/hw4/api/UpdatePoke.php:11
Stack trace:
#0 /home/ubuntu/workspace/CST336/hw/hw4/api/UpdatePoke.php(11): PDOStatement->execute()
#1 {main}
  thrown in /home/ubuntu/workspace/CST336/hw/hw4/api/UpdatePoke.php on line 11
[23-Apr-2019 21:00:59 UTC] PHP Fatal error:  Uncaught exception 'PDOException' with message 'SQLSTATE[42000]: Syntax error or access violation: 1064 You have an error in your SQL syntax; check the manual that corresponds to your MySQL server version for the right syntax to use near ''Search' (`Name`, `ID`, 'Look') VALUES (bulbasaur,1,1)' at line 1' in /home/ubuntu/workspace/CST336/hw/hw4/api/UpdatePoke.php:11
Stack trace:
#0 /home/ubuntu/workspace/CST336/hw/hw4/api/UpdatePoke.php(11): PDOStatement->execute()
#1 {main}
  thrown in /home/ubuntu/workspace/CST336/hw/hw4/api/UpdatePoke.php on line 11
[23-Apr-2019 21:02:18 UTC] PHP Fatal error:  Uncaught exception 'PDOException' with message 'SQLSTATE[42000]: Syntax error or access violation: 1064 You have an error in your SQL syntax; check the manual that corresponds to your MySQL server version for the right syntax to use near ''Look') VALUES (ivysaur,2,1)' at line 1' in /home/ubuntu/workspace/CST336/hw/hw4/api/UpdatePoke.php:11
Stack trace:
#0 /home/ubuntu/workspace/CST336/hw/hw4/api/UpdatePoke.php(11): PDOStatement->execute()
#1 {main}
  thrown in /home/ubuntu/workspace/CST336/hw/hw4/api/UpdatePoke.php on line 11
[23-Apr-2019 21:03:20 UTC] PHP Fatal error:  Uncaught exception 'PDOException' with message 'SQLSTATE[42S22]: Column not found: 1054 Unknown column 'charmeleon' in 'field list'' in /home/ubuntu/workspace/CST336/hw/hw4/api/UpdatePoke.php:11
Stack trace:
#0 /home/ubuntu/workspace/CST336/hw/hw4/api/UpdatePoke.php(11): PDOStatement->execute()
#1 {main}
  thrown in /home/ubuntu/workspace/CST336/hw/hw4/api/UpdatePoke.php on line 11
[23-Apr-2019 21:05:47 UTC] PHP Fatal error:  Uncaught exception 'PDOException' with message 'SQLSTATE[42S22]: Column not found: 1054 Unknown column 'squirtle' in 'field list'' in /home/ubuntu/workspace/CST336/hw/hw4/api/UpdatePoke.php:11
Stack trace:
#0 /home/ubuntu/workspace/CST336/hw/hw4/api/UpdatePoke.php(11): PDOStatement->execute()
#1 {main}
  thrown in /home/ubuntu/workspace/CST336/hw/hw4/api/UpdatePoke.php on line 11
[23-Apr-2019 21:16:05 UTC] PHP Fatal error:  Uncaught exception 'PDOException' with message 'SQLSTATE[42S22]: Column not found: 1054 Unknown column 'charmeleon' in 'field list'' in /home/ubuntu/workspace/CST336/hw/hw4/api/UpdatePoke.php:11
Stack trace:
#0 /home/ubuntu/workspace/CST336/hw/hw4/api/UpdatePoke.php(11): PDOStatement->execute()
#1 {main}
  thrown in /home/ubuntu/workspace/CST336/hw/hw4/api/UpdatePoke.php on line 11
[23-Apr-2019 21:16:44 UTC] PHP Fatal error:  Uncaught exception 'PDOException' with message 'SQLSTATE[42000]: Syntax error or access violation: 1064 You have an error in your SQL syntax; check the manual that corresponds to your MySQL server version for the right syntax to use near '[Look + 1] WHERE ID = 3' at line 1' in /home/ubuntu/workspace/CST336/hw/hw4/api/UpdatePoke.php:15
Stack trace:
#0 /home/ubuntu/workspace/CST336/hw/hw4/api/UpdatePoke.php(15): PDOStatement->execute()
#1 {main}
  thrown in /home/ubuntu/workspace/CST336/hw/hw4/api/UpdatePoke.php on line 15
[23-Apr-2019 21:17:28 UTC] PHP Fatal error:  Uncaught exception 'PDOException' with message 'SQLSTATE[23000]: Integrity constraint violation: 1062 Duplicate entry '3' for key 'PRIMARY'' in /home/ubuntu/workspace/CST336/hw/hw4/api/UpdatePoke.php:11
Stack trace:
#0 /home/ubuntu/workspace/CST336/hw/hw4/api/UpdatePoke.php(11): PDOStatement->execute()
#1 {main}
  thrown in /home/ubuntu/workspace/CST336/hw/hw4/api/UpdatePoke.php on line 11
[23-Apr-2019 21:20:04 UTC] PHP Fatal error:  Uncaught exception 'PDOException' with message 'SQLSTATE[HY000]: General error' in /home/ubuntu/workspace/CST336/hw/hw4/api/UpdatePoke.php:15
Stack trace:
#0 /home/ubuntu/workspace/CST336/hw/hw4/api/UpdatePoke.php(15): PDOStatement->fetchAll(2)
#1 {main}
  thrown in /home/ubuntu/workspace/CST336/hw/hw4/api/UpdatePoke.php on line 15
[23-Apr-2019 21:20:58 UTC] PHP Fatal error:  Uncaught exception 'PDOException' with message 'SQLSTATE[23000]: Integrity constraint violation: 1062 Duplicate entry '3' for key 'PRIMARY'' in /home/ubuntu/workspace/CST336/hw/hw4/api/UpdatePoke.php:11
Stack trace:
#0 /home/ubuntu/workspace/CST336/hw/hw4/api/UpdatePoke.php(11): PDOStatement->execute()
#1 {main}
  thrown in /home/ubuntu/workspace/CST336/hw/hw4/api/UpdatePoke.php on line 11
[23-Apr-2019 21:24:27 UTC] PHP Fatal error:  Uncaught exception 'PDOException' with message 'SQLSTATE[23000]: Integrity constraint violation: 1062 Duplicate entry '3' for key 'PRIMARY'' in /home/ubuntu/workspace/CST336/hw/hw4/api/UpdatePoke.php:11
Stack trace:
#0 /home/ubuntu/workspace/CST336/hw/hw4/api/UpdatePoke.php(11): PDOStatement->execute()
#1 {main}
  thrown in /home/ubuntu/workspace/CST336/hw/hw4/api/UpdatePoke.php on line 11
[23-Apr-2019 21:49:55 UTC] PHP Fatal error:  Uncaught exception 'PDOException' with message 'SQLSTATE[23000]: Integrity constraint violation: 1062 Duplicate entry '4' for key 'PRIMARY'' in /home/ubuntu/workspace/CST336/hw/hw4/api/UpdatePoke.php:11
Stack trace:
#0 /home/ubuntu/workspace/CST336/hw/hw4/api/UpdatePoke.php(11): PDOStatement->execute()
#1 {main}
  thrown in /home/ubuntu/workspace/CST336/hw/hw4/api/UpdatePoke.php on line 11
[23-Apr-2019 23:04:18 UTC] PHP Fatal error:  Uncaught exception 'PDOException' with message 'SQLSTATE[23000]: Integrity constraint violation: 1062 Duplicate entry '4' for key 'PRIMARY'' in /home/ubuntu/workspace/CST336/hw/hw4/api/UpdatePoke.php:11
Stack trace:
#0 /home/ubuntu/workspace/CST336/hw/hw4/api/UpdatePoke.php(11): PDOStatement->execute()
#1 {main}
  thrown in /home/ubuntu/workspace/CST336/hw/hw4/api/UpdatePoke.php on line 11
[23-Apr-2019 23:04:18 UTC] PHP Fatal error:  Uncaught exception 'PDOException' with message 'SQLSTATE[23000]: Integrity constraint violation: 1062 Duplicate entry '4' for key 'PRIMARY'' in /home/ubuntu/workspace/CST336/hw/hw4/api/UpdatePoke.php:11
Stack trace:
#0 /home/ubuntu/workspace/CST336/hw/hw4/api/UpdatePoke.php(11): PDOStatement->execute()
#1 {main}
  thrown in /home/ubuntu/workspace/CST336/hw/hw4/api/UpdatePoke.php on line 11
[23-Apr-2019 23:04:47 UTC] PHP Fatal error:  Uncaught exception 'PDOException' with message 'SQLSTATE[23000]: Integrity constraint violation: 1062 Duplicate entry '4' for key 'PRIMARY'' in /home/ubuntu/workspace/CST336/hw/hw4/api/UpdatePoke.php:11
Stack trace:
#0 /home/ubuntu/workspace/CST336/hw/hw4/api/UpdatePoke.php(11): PDOStatement->execute()
#1 {main}
  thrown in /home/ubuntu/workspace/CST336/hw/hw4/api/UpdatePoke.php on line 11
[23-Apr-2019 23:11:06 UTC] PHP Fatal error:  Uncaught exception 'PDOException' with message 'SQLSTATE[42000]: Syntax error or access violation: 1064 You have an error in your SQL syntax; check the manual that corresponds to your MySQL server version for the right syntax to use near '' at line 1' in /home/ubuntu/workspace/CST336/hw/hw4/api/UpdatePoke.php:14
Stack trace:
#0 /home/ubuntu/workspace/CST336/hw/hw4/api/UpdatePoke.php(14): PDOStatement->execute()
#1 {main}
  thrown in /home/ubuntu/workspace/CST336/hw/hw4/api/UpdatePoke.php on line 14
[23-Apr-2019 23:15:17 UTC] PHP Fatal error:  Uncaught exception 'PDOException' with message 'SQLSTATE[23000]: Integrity constraint violation: 1062 Duplicate entry '0' for key 'PRIMARY'' in /home/ubuntu/workspace/CST336/hw/hw4/api/UpdatePoke.php:11
Stack trace:
#0 /home/ubuntu/workspace/CST336/hw/hw4/api/UpdatePoke.php(11): PDOStatement->execute()
#1 {main}
  thrown in /home/ubuntu/workspace/CST336/hw/hw4/api/UpdatePoke.php on line 11
