[22-Apr-2019 19:47:25 UTC] PHP Fatal error:  Uncaught exception 'PDOException' with message 'SQLSTATE[42000]: Syntax error or access violation: 1064 You have an error in your SQL syntax; check the manual that corresponds to your MySQL server version for the right syntax to use near ''poll_response' FROM poll_response WHERE pollId =  & option1,option2,option3,opt' at line 1' in /home/ubuntu/workspace/CST336/practice/p8/api/update.php:13
Stack trace:
#0 /home/ubuntu/workspace/CST336/practice/p8/api/update.php(13): PDOStatement->execute()
#1 {main}
  thrown in /home/ubuntu/workspace/CST336/practice/p8/api/update.php on line 13
[22-Apr-2019 19:47:50 UTC] PHP Fatal error:  Uncaught exception 'PDOException' with message 'SQLSTATE[42000]: Syntax error or access violation: 1064 You have an error in your SQL syntax; check the manual that corresponds to your MySQL server version for the right syntax to use near ''poll_response' FROM poll_response WHERE pollId =  & option1,option2,option3,opt' at line 1' in /home/ubuntu/workspace/CST336/practice/p8/api/update.php:13
Stack trace:
#0 /home/ubuntu/workspace/CST336/practice/p8/api/update.php(13): PDOStatement->execute()
#1 {main}
  thrown in /home/ubuntu/workspace/CST336/practice/p8/api/update.php on line 13
[22-Apr-2019 19:47:53 UTC] PHP Fatal error:  Uncaught exception 'PDOException' with message 'SQLSTATE[42000]: Syntax error or access violation: 1064 You have an error in your SQL syntax; check the manual that corresponds to your MySQL server version for the right syntax to use near ''poll_response' FROM poll_response WHERE pollId =  & option1,option2,option3,opt' at line 1' in /home/ubuntu/workspace/CST336/practice/p8/api/update.php:13
Stack trace:
#0 /home/ubuntu/workspace/CST336/practice/p8/api/update.php(13): PDOStatement->execute()
#1 {main}
  thrown in /home/ubuntu/workspace/CST336/practice/p8/api/update.php on line 13
[22-Apr-2019 19:47:57 UTC] PHP Fatal error:  Uncaught exception 'PDOException' with message 'SQLSTATE[42000]: Syntax error or access violation: 1064 You have an error in your SQL syntax; check the manual that corresponds to your MySQL server version for the right syntax to use near ''poll_response' FROM c9 WHERE pollId =  & option1,option2,option3,option4,option' at line 1' in /home/ubuntu/workspace/CST336/practice/p8/api/update.php:13
Stack trace:
#0 /home/ubuntu/workspace/CST336/practice/p8/api/update.php(13): PDOStatement->execute()
#1 {main}
  thrown in /home/ubuntu/workspace/CST336/practice/p8/api/update.php on line 13
[22-Apr-2019 19:50:04 UTC] PHP Fatal error:  Uncaught exception 'PDOException' with message 'SQLSTATE[42000]: Syntax error or access violation: 1064 You have an error in your SQL syntax; check the manual that corresponds to your MySQL server version for the right syntax to use near ''poll_response' SET  = 1' at line 1' in /home/ubuntu/workspace/CST336/practice/p8/api/update.php:13
Stack trace:
#0 /home/ubuntu/workspace/CST336/practice/p8/api/update.php(13): PDOStatement->execute()
#1 {main}
  thrown in /home/ubuntu/workspace/CST336/practice/p8/api/update.php on line 13
[22-Apr-2019 19:51:38 UTC] PHP Fatal error:  Uncaught exception 'PDOException' with message 'SQLSTATE[42000]: Syntax error or access violation: 1064 You have an error in your SQL syntax; check the manual that corresponds to your MySQL server version for the right syntax to use near ''poll_response' SET  = 1' at line 1' in /home/ubuntu/workspace/CST336/practice/p8/api/update.php:13
Stack trace:
#0 /home/ubuntu/workspace/CST336/practice/p8/api/update.php(13): PDOStatement->execute()
#1 {main}
  thrown in /home/ubuntu/workspace/CST336/practice/p8/api/update.php on line 13
[22-Apr-2019 19:51:43 UTC] PHP Fatal error:  Uncaught exception 'PDOException' with message 'SQLSTATE[42000]: Syntax error or access violation: 1065 Query was empty' in /home/ubuntu/workspace/CST336/practice/p8/api/update.php:13
Stack trace:
#0 /home/ubuntu/workspace/CST336/practice/p8/api/update.php(13): PDOStatement->execute()
#1 {main}
  thrown in /home/ubuntu/workspace/CST336/practice/p8/api/update.php on line 13
[22-Apr-2019 20:09:57 UTC] PHP Fatal error:  Uncaught exception 'PDOException' with message 'SQLSTATE[42000]: Syntax error or access violation: 1064 You have an error in your SQL syntax; check the manual that corresponds to your MySQL server version for the right syntax to use near ''poll_response' SET  = + 1' at line 1' in /home/ubuntu/workspace/CST336/practice/p8/api/update.php:13
Stack trace:
#0 /home/ubuntu/workspace/CST336/practice/p8/api/update.php(13): PDOStatement->execute()
#1 {main}
  thrown in /home/ubuntu/workspace/CST336/practice/p8/api/update.php on line 13
[22-Apr-2019 20:10:37 UTC] PHP Fatal error:  Uncaught exception 'PDOException' with message 'SQLSTATE[42000]: Syntax error or access violation: 1064 You have an error in your SQL syntax; check the manual that corresponds to your MySQL server version for the right syntax to use near ''poll_response' SET  = + 1' at line 1' in /home/ubuntu/workspace/CST336/practice/p8/api/update.php:13
Stack trace:
#0 /home/ubuntu/workspace/CST336/practice/p8/api/update.php(13): PDOStatement->execute()
#1 {main}
  thrown in /home/ubuntu/workspace/CST336/practice/p8/api/update.php on line 13
[22-Apr-2019 20:10:46 UTC] PHP Fatal error:  Uncaught exception 'PDOException' with message 'SQLSTATE[42000]: Syntax error or access violation: 1064 You have an error in your SQL syntax; check the manual that corresponds to your MySQL server version for the right syntax to use near ''poll_response' SET  = + 1' at line 1' in /home/ubuntu/workspace/CST336/practice/p8/api/update.php:13
Stack trace:
#0 /home/ubuntu/workspace/CST336/practice/p8/api/update.php(13): PDOStatement->execute()
#1 {main}
  thrown in /home/ubuntu/workspace/CST336/practice/p8/api/update.php on line 13
[22-Apr-2019 20:11:36 UTC] PHP Fatal error:  Uncaught exception 'PDOException' with message 'SQLSTATE[42000]: Syntax error or access violation: 1064 You have an error in your SQL syntax; check the manual that corresponds to your MySQL server version for the right syntax to use near ''poll_response' SET  =  +1' at line 1' in /home/ubuntu/workspace/CST336/practice/p8/api/update.php:13
Stack trace:
#0 /home/ubuntu/workspace/CST336/practice/p8/api/update.php(13): PDOStatement->execute()
#1 {main}
  thrown in /home/ubuntu/workspace/CST336/practice/p8/api/update.php on line 13
[22-Apr-2019 20:12:01 UTC] PHP Fatal error:  Uncaught exception 'PDOException' with message 'SQLSTATE[42000]: Syntax error or access violation: 1064 You have an error in your SQL syntax; check the manual that corresponds to your MySQL server version for the right syntax to use near ''poll_response' SET  = +1' at line 1' in /home/ubuntu/workspace/CST336/practice/p8/api/update.php:13
Stack trace:
#0 /home/ubuntu/workspace/CST336/practice/p8/api/update.php(13): PDOStatement->execute()
#1 {main}
  thrown in /home/ubuntu/workspace/CST336/practice/p8/api/update.php on line 13
[22-Apr-2019 20:12:50 UTC] PHP Fatal error:  Uncaught exception 'PDOException' with message 'SQLSTATE[42000]: Syntax error or access violation: 1064 You have an error in your SQL syntax; check the manual that corresponds to your MySQL server version for the right syntax to use near ''poll_response' SET  = +1' at line 1' in /home/ubuntu/workspace/CST336/practice/p8/api/update.php:13
Stack trace:
#0 /home/ubuntu/workspace/CST336/practice/p8/api/update.php(13): PDOStatement->execute()
#1 {main}
  thrown in /home/ubuntu/workspace/CST336/practice/p8/api/update.php on line 13
[22-Apr-2019 20:13:06 UTC] PHP Fatal error:  Uncaught exception 'PDOException' with message 'SQLSTATE[42000]: Syntax error or access violation: 1064 You have an error in your SQL syntax; check the manual that corresponds to your MySQL server version for the right syntax to use near ''poll_response' SET  = +1' at line 1' in /home/ubuntu/workspace/CST336/practice/p8/api/update.php:13
Stack trace:
#0 /home/ubuntu/workspace/CST336/practice/p8/api/update.php(13): PDOStatement->execute()
#1 {main}
  thrown in /home/ubuntu/workspace/CST336/practice/p8/api/update.php on line 13
[22-Apr-2019 20:13:35 UTC] PHP Fatal error:  Uncaught exception 'PDOException' with message 'SQLSTATE[42000]: Syntax error or access violation: 1064 You have an error in your SQL syntax; check the manual that corresponds to your MySQL server version for the right syntax to use near ''poll_response' SET  = +1' at line 1' in /home/ubuntu/workspace/CST336/practice/p8/api/update.php:13
Stack trace:
#0 /home/ubuntu/workspace/CST336/practice/p8/api/update.php(13): PDOStatement->execute()
#1 {main}
  thrown in /home/ubuntu/workspace/CST336/practice/p8/api/update.php on line 13
[22-Apr-2019 20:13:53 UTC] PHP Fatal error:  Uncaught exception 'PDOException' with message 'SQLSTATE[42000]: Syntax error or access violation: 1064 You have an error in your SQL syntax; check the manual that corresponds to your MySQL server version for the right syntax to use near ''poll_response' SET  = +1' at line 1' in /home/ubuntu/workspace/CST336/practice/p8/api/update.php:13
Stack trace:
#0 /home/ubuntu/workspace/CST336/practice/p8/api/update.php(13): PDOStatement->execute()
#1 {main}
  thrown in /home/ubuntu/workspace/CST336/practice/p8/api/update.php on line 13
[22-Apr-2019 20:14:21 UTC] PHP Fatal error:  Uncaught exception 'PDOException' with message 'SQLSTATE[42000]: Syntax error or access violation: 1064 You have an error in your SQL syntax; check the manual that corresponds to your MySQL server version for the right syntax to use near ''poll_response' SET  = +1' at line 1' in /home/ubuntu/workspace/CST336/practice/p8/api/update.php:13
Stack trace:
#0 /home/ubuntu/workspace/CST336/practice/p8/api/update.php(13): PDOStatement->execute()
#1 {main}
  thrown in /home/ubuntu/workspace/CST336/practice/p8/api/update.php on line 13
[22-Apr-2019 20:14:50 UTC] PHP Fatal error:  Uncaught exception 'PDOException' with message 'SQLSTATE[42000]: Syntax error or access violation: 1064 You have an error in your SQL syntax; check the manual that corresponds to your MySQL server version for the right syntax to use near ''poll_response' SET  = +1' at line 1' in /home/ubuntu/workspace/CST336/practice/p8/api/update.php:13
Stack trace:
#0 /home/ubuntu/workspace/CST336/practice/p8/api/update.php(13): PDOStatement->execute()
#1 {main}
  thrown in /home/ubuntu/workspace/CST336/practice/p8/api/update.php on line 13
[22-Apr-2019 20:15:33 UTC] PHP Fatal error:  Uncaught exception 'PDOException' with message 'SQLSTATE[42000]: Syntax error or access violation: 1064 You have an error in your SQL syntax; check the manual that corresponds to your MySQL server version for the right syntax to use near ''poll_response' SET  = +1' at line 1' in /home/ubuntu/workspace/CST336/practice/p8/api/update.php:13
Stack trace:
#0 /home/ubuntu/workspace/CST336/practice/p8/api/update.php(13): PDOStatement->execute()
#1 {main}
  thrown in /home/ubuntu/workspace/CST336/practice/p8/api/update.php on line 13
[22-Apr-2019 20:15:49 UTC] PHP Fatal error:  Uncaught exception 'PDOException' with message 'SQLSTATE[42000]: Syntax error or access violation: 1064 You have an error in your SQL syntax; check the manual that corresponds to your MySQL server version for the right syntax to use near ''poll_response' SET  = +1' at line 1' in /home/ubuntu/workspace/CST336/practice/p8/api/update.php:13
Stack trace:
#0 /home/ubuntu/workspace/CST336/practice/p8/api/update.php(13): PDOStatement->execute()
#1 {main}
  thrown in /home/ubuntu/workspace/CST336/practice/p8/api/update.php on line 13
[22-Apr-2019 20:16:14 UTC] PHP Fatal error:  Uncaught exception 'PDOException' with message 'SQLSTATE[42000]: Syntax error or access violation: 1064 You have an error in your SQL syntax; check the manual that corresponds to your MySQL server version for the right syntax to use near ''poll_response' SET  = +1' at line 1' in /home/ubuntu/workspace/CST336/practice/p8/api/update.php:13
Stack trace:
#0 /home/ubuntu/workspace/CST336/practice/p8/api/update.php(13): PDOStatement->execute()
#1 {main}
  thrown in /home/ubuntu/workspace/CST336/practice/p8/api/update.php on line 13
[22-Apr-2019 20:16:33 UTC] PHP Fatal error:  Uncaught exception 'PDOException' with message 'SQLSTATE[42000]: Syntax error or access violation: 1064 You have an error in your SQL syntax; check the manual that corresponds to your MySQL server version for the right syntax to use near ''poll_response' SET  = +1' at line 1' in /home/ubuntu/workspace/CST336/practice/p8/api/update.php:13
Stack trace:
#0 /home/ubuntu/workspace/CST336/practice/p8/api/update.php(13): PDOStatement->execute()
#1 {main}
  thrown in /home/ubuntu/workspace/CST336/practice/p8/api/update.php on line 13
[22-Apr-2019 20:17:09 UTC] PHP Fatal error:  Uncaught exception 'PDOException' with message 'SQLSTATE[42000]: Syntax error or access violation: 1064 You have an error in your SQL syntax; check the manual that corresponds to your MySQL server version for the right syntax to use near ''poll_response' SET  =  + 1' at line 1' in /home/ubuntu/workspace/CST336/practice/p8/api/update.php:13
Stack trace:
#0 /home/ubuntu/workspace/CST336/practice/p8/api/update.php(13): PDOStatement->execute()
#1 {main}
  thrown in /home/ubuntu/workspace/CST336/practice/p8/api/update.php on line 13
[22-Apr-2019 20:17:12 UTC] PHP Fatal error:  Uncaught exception 'PDOException' with message 'SQLSTATE[42000]: Syntax error or access violation: 1064 You have an error in your SQL syntax; check the manual that corresponds to your MySQL server version for the right syntax to use near ''poll_response' SET  =  + 1' at line 1' in /home/ubuntu/workspace/CST336/practice/p8/api/update.php:13
Stack trace:
#0 /home/ubuntu/workspace/CST336/practice/p8/api/update.php(13): PDOStatement->execute()
#1 {main}
  thrown in /home/ubuntu/workspace/CST336/practice/p8/api/update.php on line 13
[22-Apr-2019 20:19:34 UTC] PHP Fatal error:  Uncaught exception 'PDOException' with message 'SQLSTATE[42000]: Syntax error or access violation: 1064 You have an error in your SQL syntax; check the manual that corresponds to your MySQL server version for the right syntax to use near ''poll_response' SET 'pollId' =  &  =  + 1' at line 1' in /home/ubuntu/workspace/CST336/practice/p8/api/update.php:13
Stack trace:
#0 /home/ubuntu/workspace/CST336/practice/p8/api/update.php(13): PDOStatement->execute()
#1 {main}
  thrown in /home/ubuntu/workspace/CST336/practice/p8/api/update.php on line 13
[22-Apr-2019 20:19:36 UTC] PHP Fatal error:  Uncaught exception 'PDOException' with message 'SQLSTATE[42000]: Syntax error or access violation: 1064 You have an error in your SQL syntax; check the manual that corresponds to your MySQL server version for the right syntax to use near ''poll_response' SET 'pollId' =  &  =  + 1' at line 1' in /home/ubuntu/workspace/CST336/practice/p8/api/update.php:13
Stack trace:
#0 /home/ubuntu/workspace/CST336/practice/p8/api/update.php(13): PDOStatement->execute()
#1 {main}
  thrown in /home/ubuntu/workspace/CST336/practice/p8/api/update.php on line 13
[22-Apr-2019 20:20:17 UTC] PHP Fatal error:  Uncaught exception 'PDOException' with message 'SQLSTATE[42000]: Syntax error or access violation: 1064 You have an error in your SQL syntax; check the manual that corresponds to your MySQL server version for the right syntax to use near ''poll_response' SET 'pollId' =  &  =  + 1' at line 1' in /home/ubuntu/workspace/CST336/practice/p8/api/update.php:13
Stack trace:
#0 /home/ubuntu/workspace/CST336/practice/p8/api/update.php(13): PDOStatement->execute()
#1 {main}
  thrown in /home/ubuntu/workspace/CST336/practice/p8/api/update.php on line 13
[22-Apr-2019 20:20:28 UTC] PHP Fatal error:  Uncaught exception 'PDOException' with message 'SQLSTATE[42000]: Syntax error or access violation: 1064 You have an error in your SQL syntax; check the manual that corresponds to your MySQL server version for the right syntax to use near ''poll_response' SET 'pollId' =  &  =  + 1' at line 1' in /home/ubuntu/workspace/CST336/practice/p8/api/update.php:13
Stack trace:
#0 /home/ubuntu/workspace/CST336/practice/p8/api/update.php(13): PDOStatement->execute()
#1 {main}
  thrown in /home/ubuntu/workspace/CST336/practice/p8/api/update.php on line 13
[22-Apr-2019 20:30:34 UTC] PHP Fatal error:  Uncaught exception 'PDOException' with message 'SQLSTATE[42000]: Syntax error or access violation: 1064 You have an error in your SQL syntax; check the manual that corresponds to your MySQL server version for the right syntax to use near ''poll_response' SET 'pollId' =  WHERE  =+ 1' at line 1' in /home/ubuntu/workspace/CST336/practice/p8/api/update.php:15
Stack trace:
#0 /home/ubuntu/workspace/CST336/practice/p8/api/update.php(15): PDOStatement->execute()
#1 {main}
  thrown in /home/ubuntu/workspace/CST336/practice/p8/api/update.php on line 15
[22-Apr-2019 20:30:47 UTC] PHP Fatal error:  Uncaught exception 'PDOException' with message 'SQLSTATE[42000]: Syntax error or access violation: 1064 You have an error in your SQL syntax; check the manual that corresponds to your MySQL server version for the right syntax to use near ''poll_response' SET 'pollId' =  WHERE  =+ 1' at line 1' in /home/ubuntu/workspace/CST336/practice/p8/api/update.php:15
Stack trace:
#0 /home/ubuntu/workspace/CST336/practice/p8/api/update.php(15): PDOStatement->execute()
#1 {main}
  thrown in /home/ubuntu/workspace/CST336/practice/p8/api/update.php on line 15
[22-Apr-2019 20:31:47 UTC] PHP Fatal error:  Uncaught exception 'PDOException' with message 'SQLSTATE[42000]: Syntax error or access violation: 1064 You have an error in your SQL syntax; check the manual that corresponds to your MySQL server version for the right syntax to use near ''poll_response' SET 'pollId' =  WHERE  =  + 1' at line 1' in /home/ubuntu/workspace/CST336/practice/p8/api/update.php:15
Stack trace:
#0 /home/ubuntu/workspace/CST336/practice/p8/api/update.php(15): PDOStatement->execute()
#1 {main}
  thrown in /home/ubuntu/workspace/CST336/practice/p8/api/update.php on line 15
[22-Apr-2019 20:31:53 UTC] PHP Fatal error:  Uncaught exception 'PDOException' with message 'SQLSTATE[42000]: Syntax error or access violation: 1064 You have an error in your SQL syntax; check the manual that corresponds to your MySQL server version for the right syntax to use near ''poll_response' SET 'pollId' =  WHERE  =  + 1' at line 1' in /home/ubuntu/workspace/CST336/practice/p8/api/update.php:15
Stack trace:
#0 /home/ubuntu/workspace/CST336/practice/p8/api/update.php(15): PDOStatement->execute()
#1 {main}
  thrown in /home/ubuntu/workspace/CST336/practice/p8/api/update.php on line 15
[22-Apr-2019 20:31:56 UTC] PHP Fatal error:  Uncaught exception 'PDOException' with message 'SQLSTATE[42000]: Syntax error or access violation: 1064 You have an error in your SQL syntax; check the manual that corresponds to your MySQL server version for the right syntax to use near ''poll_response' SET 'pollId' =  WHERE  =  + 1' at line 1' in /home/ubuntu/workspace/CST336/practice/p8/api/update.php:15
Stack trace:
#0 /home/ubuntu/workspace/CST336/practice/p8/api/update.php(15): PDOStatement->execute()
#1 {main}
  thrown in /home/ubuntu/workspace/CST336/practice/p8/api/update.php on line 15
