[25-Mar-2019 19:35:25 UTC] PHP Fatal error:  Uncaught exception 'PDOException' with message 'SQLSTATE[HY000] [1049] Unknown database 'Midterm'' in /home/ubuntu/workspace/CST336/db/db_connection.php:18
Stack trace:
#0 /home/ubuntu/workspace/CST336/db/db_connection.php(18): PDO->__construct('mysql:host=loca...', 'root', '')
#1 /home/ubuntu/workspace/CST336/practice/MidTerm/api/getRanProduct.php(3): getDatabaseConnection('Midterm')
#2 {main}
  thrown in /home/ubuntu/workspace/CST336/db/db_connection.php on line 18
[25-Mar-2019 19:36:22 UTC] PHP Fatal error:  Uncaught exception 'PDOException' with message 'SQLSTATE[HY000] [1049] Unknown database 'Midterm'' in /home/ubuntu/workspace/CST336/db/db_connection.php:18
Stack trace:
#0 /home/ubuntu/workspace/CST336/db/db_connection.php(18): PDO->__construct('mysql:host=loca...', 'root', '')
#1 /home/ubuntu/workspace/CST336/practice/MidTerm/api/getRanProduct.php(3): getDatabaseConnection('Midterm')
#2 {main}
  thrown in /home/ubuntu/workspace/CST336/db/db_connection.php on line 18
[25-Mar-2019 19:36:24 UTC] PHP Fatal error:  Uncaught exception 'PDOException' with message 'SQLSTATE[HY000] [1049] Unknown database 'Midterm'' in /home/ubuntu/workspace/CST336/db/db_connection.php:18
Stack trace:
#0 /home/ubuntu/workspace/CST336/db/db_connection.php(18): PDO->__construct('mysql:host=loca...', 'root', '')
#1 /home/ubuntu/workspace/CST336/practice/MidTerm/api/getRanProduct.php(3): getDatabaseConnection('Midterm')
#2 {main}
  thrown in /home/ubuntu/workspace/CST336/db/db_connection.php on line 18
[25-Mar-2019 19:48:08 UTC] PHP Fatal error:  Uncaught exception 'PDOException' with message 'SQLSTATE[HY000] [1049] Unknown database 'Midterm'' in /home/ubuntu/workspace/CST336/db/db_connection.php:18
Stack trace:
#0 /home/ubuntu/workspace/CST336/db/db_connection.php(18): PDO->__construct('mysql:host=loca...', 'root', '')
#1 /home/ubuntu/workspace/CST336/practice/MidTerm/api/getRanProduct.php(3): getDatabaseConnection('Midterm')
#2 {main}
  thrown in /home/ubuntu/workspace/CST336/db/db_connection.php on line 18
[25-Mar-2019 19:48:22 UTC] PHP Fatal error:  Uncaught exception 'PDOException' with message 'SQLSTATE[HY000] [1049] Unknown database 'Midterm'' in /home/ubuntu/workspace/CST336/db/db_connection.php:18
Stack trace:
#0 /home/ubuntu/workspace/CST336/db/db_connection.php(18): PDO->__construct('mysql:host=loca...', 'root', '')
#1 /home/ubuntu/workspace/CST336/practice/MidTerm/api/getRanProduct.php(3): getDatabaseConnection('Midterm')
#2 {main}
  thrown in /home/ubuntu/workspace/CST336/db/db_connection.php on line 18
[25-Mar-2019 19:48:26 UTC] PHP Fatal error:  Uncaught exception 'PDOException' with message 'SQLSTATE[HY000] [1049] Unknown database 'Midterm'' in /home/ubuntu/workspace/CST336/db/db_connection.php:18
Stack trace:
#0 /home/ubuntu/workspace/CST336/db/db_connection.php(18): PDO->__construct('mysql:host=loca...', 'root', '')
#1 /home/ubuntu/workspace/CST336/practice/MidTerm/api/getRanProduct.php(3): getDatabaseConnection('Midterm')
#2 {main}
  thrown in /home/ubuntu/workspace/CST336/db/db_connection.php on line 18
[25-Mar-2019 19:49:23 UTC] PHP Fatal error:  Uncaught exception 'PDOException' with message 'SQLSTATE[HY000] [1049] Unknown database 'Midterm'' in /home/ubuntu/workspace/CST336/db/db_connection.php:18
Stack trace:
#0 /home/ubuntu/workspace/CST336/db/db_connection.php(18): PDO->__construct('mysql:host=loca...', 'root', '')
#1 /home/ubuntu/workspace/CST336/practice/MidTerm/api/getRanProduct.php(3): getDatabaseConnection('Midterm')
#2 {main}
  thrown in /home/ubuntu/workspace/CST336/db/db_connection.php on line 18
[25-Mar-2019 19:49:28 UTC] PHP Fatal error:  Uncaught exception 'PDOException' with message 'SQLSTATE[HY000] [1049] Unknown database 'Midterm'' in /home/ubuntu/workspace/CST336/db/db_connection.php:18
Stack trace:
#0 /home/ubuntu/workspace/CST336/db/db_connection.php(18): PDO->__construct('mysql:host=loca...', 'root', '')
#1 /home/ubuntu/workspace/CST336/practice/MidTerm/api/getRanProduct.php(3): getDatabaseConnection('Midterm')
#2 {main}
  thrown in /home/ubuntu/workspace/CST336/db/db_connection.php on line 18
[26-Mar-2019 23:39:26 UTC] PHP Warning:  include(../../../inc/dbConnection.php): failed to open stream: No such file or directory in /home/ubuntu/workspace/CST336/practice/MidTerm/api/applyPromoCode.php on line 2
[26-Mar-2019 23:39:26 UTC] PHP Stack trace:
[26-Mar-2019 23:39:26 UTC] PHP   1. {main}() /home/ubuntu/workspace/CST336/practice/MidTerm/api/applyPromoCode.php:0
[26-Mar-2019 23:39:26 UTC] PHP Warning:  include(): Failed opening '../../../inc/dbConnection.php' for inclusion (include_path='.:/usr/share/php:/usr/share/pear') in /home/ubuntu/workspace/CST336/practice/MidTerm/api/applyPromoCode.php on line 2
[26-Mar-2019 23:39:26 UTC] PHP Stack trace:
[26-Mar-2019 23:39:26 UTC] PHP   1. {main}() /home/ubuntu/workspace/CST336/practice/MidTerm/api/applyPromoCode.php:0
[26-Mar-2019 23:39:26 UTC] PHP Fatal error:  Call to undefined function getDatabaseConnection() in /home/ubuntu/workspace/CST336/practice/MidTerm/api/applyPromoCode.php on line 3
[26-Mar-2019 23:39:26 UTC] PHP Stack trace:
[26-Mar-2019 23:39:26 UTC] PHP   1. {main}() /home/ubuntu/workspace/CST336/practice/MidTerm/api/applyPromoCode.php:0
[26-Mar-2019 23:39:26 UTC] PHP Warning:  include(../../../inc/dbConnection.php): failed to open stream: No such file or directory in /home/ubuntu/workspace/CST336/practice/MidTerm/api/getAllProducts.php on line 4
[26-Mar-2019 23:39:26 UTC] PHP Stack trace:
[26-Mar-2019 23:39:26 UTC] PHP   1. {main}() /home/ubuntu/workspace/CST336/practice/MidTerm/api/getAllProducts.php:0
[26-Mar-2019 23:39:26 UTC] PHP Warning:  include(): Failed opening '../../../inc/dbConnection.php' for inclusion (include_path='.:/usr/share/php:/usr/share/pear') in /home/ubuntu/workspace/CST336/practice/MidTerm/api/getAllProducts.php on line 4
[26-Mar-2019 23:39:26 UTC] PHP Stack trace:
[26-Mar-2019 23:39:26 UTC] PHP   1. {main}() /home/ubuntu/workspace/CST336/practice/MidTerm/api/getAllProducts.php:0
[26-Mar-2019 23:39:26 UTC] PHP Fatal error:  Call to undefined function getDatabaseConnection() in /home/ubuntu/workspace/CST336/practice/MidTerm/api/getAllProducts.php on line 5
[26-Mar-2019 23:39:26 UTC] PHP Stack trace:
[26-Mar-2019 23:39:26 UTC] PHP   1. {main}() /home/ubuntu/workspace/CST336/practice/MidTerm/api/getAllProducts.php:0
[26-Mar-2019 23:39:26 UTC] PHP Warning:  include(../../../inc/dbConnection.php): failed to open stream: No such file or directory in /home/ubuntu/workspace/CST336/practice/MidTerm/api/getRandomProduct.php on line 4
[26-Mar-2019 23:39:26 UTC] PHP Stack trace:
[26-Mar-2019 23:39:26 UTC] PHP   1. {main}() /home/ubuntu/workspace/CST336/practice/MidTerm/api/getRandomProduct.php:0
[26-Mar-2019 23:39:26 UTC] PHP Warning:  include(): Failed opening '../../../inc/dbConnection.php' for inclusion (include_path='.:/usr/share/php:/usr/share/pear') in /home/ubuntu/workspace/CST336/practice/MidTerm/api/getRandomProduct.php on line 4
[26-Mar-2019 23:39:26 UTC] PHP Stack trace:
[26-Mar-2019 23:39:26 UTC] PHP   1. {main}() /home/ubuntu/workspace/CST336/practice/MidTerm/api/getRandomProduct.php:0
[26-Mar-2019 23:39:26 UTC] PHP Fatal error:  Call to undefined function getDatabaseConnection() in /home/ubuntu/workspace/CST336/practice/MidTerm/api/getRandomProduct.php on line 5
[26-Mar-2019 23:39:26 UTC] PHP Stack trace:
[26-Mar-2019 23:39:26 UTC] PHP   1. {main}() /home/ubuntu/workspace/CST336/practice/MidTerm/api/getRandomProduct.php:0
[26-Mar-2019 23:39:34 UTC] PHP Warning:  include(../../../inc/dbConnection.php): failed to open stream: No such file or directory in /home/ubuntu/workspace/CST336/practice/MidTerm/api/getAllProducts.php on line 4
[26-Mar-2019 23:39:34 UTC] PHP Stack trace:
[26-Mar-2019 23:39:34 UTC] PHP   1. {main}() /home/ubuntu/workspace/CST336/practice/MidTerm/api/getAllProducts.php:0
[26-Mar-2019 23:39:34 UTC] PHP Warning:  include(): Failed opening '../../../inc/dbConnection.php' for inclusion (include_path='.:/usr/share/php:/usr/share/pear') in /home/ubuntu/workspace/CST336/practice/MidTerm/api/getAllProducts.php on line 4
[26-Mar-2019 23:39:34 UTC] PHP Stack trace:
[26-Mar-2019 23:39:34 UTC] PHP   1. {main}() /home/ubuntu/workspace/CST336/practice/MidTerm/api/getAllProducts.php:0
[26-Mar-2019 23:39:34 UTC] PHP Fatal error:  Call to undefined function getDatabaseConnection() in /home/ubuntu/workspace/CST336/practice/MidTerm/api/getAllProducts.php on line 5
[26-Mar-2019 23:39:34 UTC] PHP Stack trace:
[26-Mar-2019 23:39:34 UTC] PHP   1. {main}() /home/ubuntu/workspace/CST336/practice/MidTerm/api/getAllProducts.php:0
[26-Mar-2019 23:39:34 UTC] PHP Warning:  include(../../../inc/dbConnection.php): failed to open stream: No such file or directory in /home/ubuntu/workspace/CST336/practice/MidTerm/api/applyPromoCode.php on line 2
[26-Mar-2019 23:39:34 UTC] PHP Stack trace:
[26-Mar-2019 23:39:34 UTC] PHP   1. {main}() /home/ubuntu/workspace/CST336/practice/MidTerm/api/applyPromoCode.php:0
[26-Mar-2019 23:39:34 UTC] PHP Warning:  include(): Failed opening '../../../inc/dbConnection.php' for inclusion (include_path='.:/usr/share/php:/usr/share/pear') in /home/ubuntu/workspace/CST336/practice/MidTerm/api/applyPromoCode.php on line 2
[26-Mar-2019 23:39:34 UTC] PHP Stack trace:
[26-Mar-2019 23:39:34 UTC] PHP   1. {main}() /home/ubuntu/workspace/CST336/practice/MidTerm/api/applyPromoCode.php:0
[26-Mar-2019 23:39:34 UTC] PHP Fatal error:  Call to undefined function getDatabaseConnection() in /home/ubuntu/workspace/CST336/practice/MidTerm/api/applyPromoCode.php on line 3
[26-Mar-2019 23:39:34 UTC] PHP Stack trace:
[26-Mar-2019 23:39:34 UTC] PHP   1. {main}() /home/ubuntu/workspace/CST336/practice/MidTerm/api/applyPromoCode.php:0
[26-Mar-2019 23:39:34 UTC] PHP Warning:  include(../../../inc/dbConnection.php): failed to open stream: No such file or directory in /home/ubuntu/workspace/CST336/practice/MidTerm/api/getRandomProduct.php on line 4
[26-Mar-2019 23:39:34 UTC] PHP Stack trace:
[26-Mar-2019 23:39:34 UTC] PHP   1. {main}() /home/ubuntu/workspace/CST336/practice/MidTerm/api/getRandomProduct.php:0
[26-Mar-2019 23:39:34 UTC] PHP Warning:  include(): Failed opening '../../../inc/dbConnection.php' for inclusion (include_path='.:/usr/share/php:/usr/share/pear') in /home/ubuntu/workspace/CST336/practice/MidTerm/api/getRandomProduct.php on line 4
[26-Mar-2019 23:39:34 UTC] PHP Stack trace:
[26-Mar-2019 23:39:34 UTC] PHP   1. {main}() /home/ubuntu/workspace/CST336/practice/MidTerm/api/getRandomProduct.php:0
[26-Mar-2019 23:39:34 UTC] PHP Fatal error:  Call to undefined function getDatabaseConnection() in /home/ubuntu/workspace/CST336/practice/MidTerm/api/getRandomProduct.php on line 5
[26-Mar-2019 23:39:34 UTC] PHP Stack trace:
[26-Mar-2019 23:39:34 UTC] PHP   1. {main}() /home/ubuntu/workspace/CST336/practice/MidTerm/api/getRandomProduct.php:0
